<?xml version="1.0" encoding="UTF-8"?>
<!-- Generated by org.testng.reporters.JUnitReportReporter -->
<testsuite hostname="LAPTOP-CM565MI1" failures="0" tests="1" name="Selenium_Java.tests.HandlingErrorTest" time="9.354" errors="0" timestamp="2024-07-20T17:54:18 IST" skipped="0">
  <testcase classname="Selenium_Java.tests.HandlingErrorTest" name="submitOrderError" time="9.354"/>
</testsuite> <!-- Selenium_Java.tests.HandlingErrorTest -->
