<?xml version="1.0" encoding="UTF-8"?>
<!-- Generated by org.testng.reporters.JUnitReportReporter -->
<testsuite hostname="LAPTOP-CM565MI1" failures="0" tests="4" name="Selenium_Java.tests.StandAloneTest2" time="60.978" errors="0" timestamp="2024-07-20T09:58:55 IST" skipped="0">
  <testcase classname="Selenium_Java.tests.StandAloneTest2" name="submitOrder" time="14.402"/>
  <testcase classname="Selenium_Java.tests.StandAloneTest2" name="submitOrder" time="16.399"/>
  <testcase classname="Selenium_Java.tests.StandAloneTest2" name="orderHistoryTest" time="4.959"/>
  <testcase classname="Selenium_Java.tests.StandAloneTest2" name="submitOrder" time="25.218"/>
</testsuite> <!-- Selenium_Java.tests.StandAloneTest2 -->
