<?xml version="1.0" encoding="UTF-8"?>
<!-- Generated by org.testng.reporters.JUnitReportReporter -->
<testsuite hostname="LAPTOP-CM565MI1" failures="0" tests="4" name="Selenium_Java.tests.StandAloneTest2" time="52.901" errors="0" timestamp="2024-07-18T17:45:09 IST" skipped="0">
  <testcase classname="Selenium_Java.tests.StandAloneTest2" name="submitOrder" time="15.447"/>
  <testcase classname="Selenium_Java.tests.StandAloneTest2" name="submitOrder" time="15.844"/>
  <testcase classname="Selenium_Java.tests.StandAloneTest2" name="submitOrder" time="15.715"/>
  <testcase classname="Selenium_Java.tests.StandAloneTest2" name="orderHistoryTest" time="5.895"/>
</testsuite> <!-- Selenium_Java.tests.StandAloneTest2 -->
