<?xml version="1.0" encoding="UTF-8"?>
<!-- Generated by org.testng.reporters.JUnitReportReporter -->
<testsuite hostname="LAPTOP-CM565MI1" failures="0" tests="1" name="Selenium_Java.tests.HandlingError" time="0.642" errors="0" timestamp="2024-07-14T16:53:42 IST" skipped="0">
  <testcase classname="Selenium_Java.tests.HandlingError" name="submitOrder" time="0.642"/>
</testsuite> <!-- Selenium_Java.tests.HandlingError -->
