<?xml version="1.0" encoding="UTF-8"?>
<!-- Generated by org.testng.reporters.JUnitReportReporter -->
<testsuite hostname="LAPTOP-CM565MI1" failures="0" tests="1" name="cucumber.TestNgRunner" time="17.365" errors="0" timestamp="2024-07-18T18:52:39 IST" skipped="0">
  <testcase classname="cucumber.TestNgRunner" name="runScenario" time="17.365"/>
</testsuite> <!-- cucumber.TestNgRunner -->
